v ATLAS
# This file was created by ATLAS version 5.18.3.R on Sat May 09 19:30:02 2020.
#SSF 2.0 generic
##############################################################################
#                    Copyright © 1984 - 2012                                 #
#                    Silvaco Inc. All rights reserved                        #
#                                                                            #
# This file format and the following Key are copyright Silvaco Inc.          #
# You may not use, this format or key without reproducing this message in    #
# full and obtaining express written permission from Silvaco Inc.            #
#                                                                            #
# To obtain such permission please contact: Silvaco Inc.                     #
#                                           support@silvaco.com              #
#                                                                            #
# KEY=SVC86hn7562asdx                       PROD=345                         #
##############################################################################
y 3 700 711 15
z 40 0.0125 300
f 2 "gate" "cathode" 
Q 4000 13 "Wavelength Beam 1 "
Q 4010 13 "Source Photocurrent Beam 1 "
Q 4020 13 "Available Photocurrent Beam 1"
p 17 91 4000 4010 4020 85 86 87 308 354 355 356 2 601 20 3 602 21 
d 0.000000000e+000 0.000000000e+000 0.000000000e+000 0.000000000e+000 0.000000000e+000 0.000000000e+000 0.000000000e+000 -9.999000000e+011 0.000000000e+000 0.000000000e+000 0.000000000e+000 -1.250000000e-002 -1.250000000e-002 -3.525952562e-013 0.000000000e+000 0.000000000e+000 3.255424449e-013 
d 0.000000000e+000 0.000000000e+000 0.000000000e+000 0.000000000e+000 0.000000000e+000 0.000000000e+000 0.000000000e+000 -9.999000000e+011 0.000000000e+000 0.000000000e+000 0.000000000e+000 -2.500000000e-002 -2.500000000e-002 -5.975947683e-013 0.000000000e+000 0.000000000e+000 5.755723006e-013 
d 0.000000000e+000 0.000000000e+000 0.000000000e+000 0.000000000e+000 0.000000000e+000 0.000000000e+000 0.000000000e+000 -9.999000000e+011 0.000000000e+000 0.000000000e+000 0.000000000e+000 -5.000000000e-002 -5.000000000e-002 -9.291489756e-013 0.000000000e+000 0.000000000e+000 9.300859804e-013 
d 0.000000000e+000 0.000000000e+000 0.000000000e+000 0.000000000e+000 0.000000000e+000 0.000000000e+000 0.000000000e+000 -9.999000000e+011 0.000000000e+000 0.000000000e+000 0.000000000e+000 -1.000000000e-001 -1.000000000e-001 -1.336020657e-012 0.000000000e+000 0.000000000e+000 1.354457384e-012 
d 0.000000000e+000 0.000000000e+000 0.000000000e+000 0.000000000e+000 0.000000000e+000 0.000000000e+000 0.000000000e+000 -9.999000000e+011 0.000000000e+000 0.000000000e+000 0.000000000e+000 -2.000000000e-001 -2.000000000e-001 -1.886335465e-012 0.000000000e+000 0.000000000e+000 1.886447374e-012 
d 0.000000000e+000 0.000000000e+000 0.000000000e+000 0.000000000e+000 0.000000000e+000 0.000000000e+000 0.000000000e+000 -9.999000000e+011 0.000000000e+000 0.000000000e+000 0.000000000e+000 -3.000000000e-001 -3.000000000e-001 -2.295173660e-012 0.000000000e+000 0.000000000e+000 2.316466153e-012 
d 0.000000000e+000 0.000000000e+000 0.000000000e+000 0.000000000e+000 0.000000000e+000 0.000000000e+000 0.000000000e+000 -9.999000000e+011 0.000000000e+000 0.000000000e+000 0.000000000e+000 -4.000000000e-001 -4.000000000e-001 -2.684543370e-012 0.000000000e+000 0.000000000e+000 2.684177285e-012 
d 0.000000000e+000 0.000000000e+000 0.000000000e+000 0.000000000e+000 0.000000000e+000 0.000000000e+000 0.000000000e+000 -9.999000000e+011 0.000000000e+000 0.000000000e+000 0.000000000e+000 -5.000000000e-001 -5.000000000e-001 -2.943814153e-012 0.000000000e+000 0.000000000e+000 2.949599980e-012 
d 0.000000000e+000 0.000000000e+000 0.000000000e+000 0.000000000e+000 0.000000000e+000 0.000000000e+000 0.000000000e+000 -9.999000000e+011 0.000000000e+000 0.000000000e+000 0.000000000e+000 -6.000000000e-001 -6.000000000e-001 -3.094561473e-012 0.000000000e+000 0.000000000e+000 3.101618511e-012 
d 0.000000000e+000 0.000000000e+000 0.000000000e+000 0.000000000e+000 0.000000000e+000 0.000000000e+000 0.000000000e+000 -9.999000000e+011 0.000000000e+000 0.000000000e+000 0.000000000e+000 -7.000000000e-001 -7.000000000e-001 -3.174373836e-012 0.000000000e+000 0.000000000e+000 3.189901313e-012 
d 0.000000000e+000 0.000000000e+000 0.000000000e+000 0.000000000e+000 0.000000000e+000 0.000000000e+000 0.000000000e+000 -9.999000000e+011 0.000000000e+000 0.000000000e+000 0.000000000e+000 -8.000000000e-001 -8.000000000e-001 -3.255506572e-012 0.000000000e+000 0.000000000e+000 3.278142634e-012 
d 0.000000000e+000 0.000000000e+000 0.000000000e+000 0.000000000e+000 0.000000000e+000 0.000000000e+000 0.000000000e+000 -9.999000000e+011 0.000000000e+000 0.000000000e+000 0.000000000e+000 -9.000000000e-001 -9.000000000e-001 -3.359029471e-012 0.000000000e+000 0.000000000e+000 3.354671895e-012 
d 0.000000000e+000 0.000000000e+000 0.000000000e+000 0.000000000e+000 0.000000000e+000 0.000000000e+000 0.000000000e+000 -9.999000000e+011 0.000000000e+000 0.000000000e+000 0.000000000e+000 -1.000000000e+000 -1.000000000e+000 -3.441735418e-012 0.000000000e+000 0.000000000e+000 3.430532081e-012 
d 0.000000000e+000 0.000000000e+000 0.000000000e+000 0.000000000e+000 0.000000000e+000 0.000000000e+000 0.000000000e+000 -9.999000000e+011 0.000000000e+000 0.000000000e+000 0.000000000e+000 -1.100000000e+000 -1.100000000e+000 -3.476739361e-012 0.000000000e+000 0.000000000e+000 3.494177948e-012 
d 0.000000000e+000 0.000000000e+000 0.000000000e+000 0.000000000e+000 0.000000000e+000 0.000000000e+000 0.000000000e+000 -9.999000000e+011 0.000000000e+000 0.000000000e+000 0.000000000e+000 -1.200000000e+000 -1.200000000e+000 -3.534751515e-012 0.000000000e+000 0.000000000e+000 3.545255151e-012 
d 0.000000000e+000 0.000000000e+000 0.000000000e+000 0.000000000e+000 0.000000000e+000 0.000000000e+000 0.000000000e+000 -9.999000000e+011 0.000000000e+000 0.000000000e+000 0.000000000e+000 -1.300000000e+000 -1.300000000e+000 -3.616108996e-012 0.000000000e+000 0.000000000e+000 3.596012082e-012 
d 0.000000000e+000 0.000000000e+000 0.000000000e+000 0.000000000e+000 0.000000000e+000 0.000000000e+000 0.000000000e+000 -9.999000000e+011 0.000000000e+000 0.000000000e+000 0.000000000e+000 -1.400000000e+000 -1.400000000e+000 -3.635633667e-012 0.000000000e+000 0.000000000e+000 3.633096242e-012 
d 0.000000000e+000 0.000000000e+000 0.000000000e+000 0.000000000e+000 0.000000000e+000 0.000000000e+000 0.000000000e+000 -9.999000000e+011 0.000000000e+000 0.000000000e+000 0.000000000e+000 -1.500000000e+000 -1.500000000e+000 -3.686229255e-012 0.000000000e+000 0.000000000e+000 3.670810328e-012 
d 0.000000000e+000 0.000000000e+000 0.000000000e+000 0.000000000e+000 0.000000000e+000 0.000000000e+000 0.000000000e+000 -9.999000000e+011 0.000000000e+000 0.000000000e+000 0.000000000e+000 -1.600000000e+000 -1.600000000e+000 -3.696286568e-012 0.000000000e+000 0.000000000e+000 3.696155392e-012 
d 0.000000000e+000 0.000000000e+000 0.000000000e+000 0.000000000e+000 0.000000000e+000 0.000000000e+000 0.000000000e+000 -9.999000000e+011 0.000000000e+000 0.000000000e+000 0.000000000e+000 -1.700000000e+000 -1.700000000e+000 -3.707074300e-012 0.000000000e+000 0.000000000e+000 3.721528727e-012 
d 0.000000000e+000 0.000000000e+000 0.000000000e+000 0.000000000e+000 0.000000000e+000 0.000000000e+000 0.000000000e+000 -9.999000000e+011 0.000000000e+000 0.000000000e+000 0.000000000e+000 -1.800000000e+000 -1.800000000e+000 -3.763316591e-012 0.000000000e+000 0.000000000e+000 3.746739745e-012 
d 0.000000000e+000 0.000000000e+000 0.000000000e+000 0.000000000e+000 0.000000000e+000 0.000000000e+000 0.000000000e+000 -9.999000000e+011 0.000000000e+000 0.000000000e+000 0.000000000e+000 -1.900000000e+000 -1.900000000e+000 -3.780284795e-012 0.000000000e+000 0.000000000e+000 3.759681205e-012 
d 0.000000000e+000 0.000000000e+000 0.000000000e+000 0.000000000e+000 0.000000000e+000 0.000000000e+000 0.000000000e+000 -9.999000000e+011 0.000000000e+000 0.000000000e+000 0.000000000e+000 -2.000000000e+000 -2.000000000e+000 -3.776042744e-012 0.000000000e+000 0.000000000e+000 3.772064247e-012 
d 0.000000000e+000 0.000000000e+000 0.000000000e+000 0.000000000e+000 0.000000000e+000 0.000000000e+000 0.000000000e+000 -9.999000000e+011 0.000000000e+000 0.000000000e+000 0.000000000e+000 -2.100000000e+000 -2.100000000e+000 -3.778514933e-012 0.000000000e+000 0.000000000e+000 3.784808822e-012 
d 0.000000000e+000 0.000000000e+000 0.000000000e+000 0.000000000e+000 0.000000000e+000 0.000000000e+000 0.000000000e+000 -9.999000000e+011 0.000000000e+000 0.000000000e+000 0.000000000e+000 -2.200000000e+000 -2.200000000e+000 -3.779863399e-012 0.000000000e+000 0.000000000e+000 3.785121590e-012 
d 0.000000000e+000 0.000000000e+000 0.000000000e+000 0.000000000e+000 0.000000000e+000 0.000000000e+000 0.000000000e+000 -9.999000000e+011 0.000000000e+000 0.000000000e+000 0.000000000e+000 -2.300000000e+000 -2.300000000e+000 -3.782195123e-012 0.000000000e+000 0.000000000e+000 3.797513233e-012 
d 0.000000000e+000 0.000000000e+000 0.000000000e+000 0.000000000e+000 0.000000000e+000 0.000000000e+000 0.000000000e+000 -9.999000000e+011 0.000000000e+000 0.000000000e+000 0.000000000e+000 -2.400000000e+000 -2.400000000e+000 -3.796915882e-012 0.000000000e+000 0.000000000e+000 3.797721750e-012 
d 0.000000000e+000 0.000000000e+000 0.000000000e+000 0.000000000e+000 0.000000000e+000 0.000000000e+000 0.000000000e+000 -9.999000000e+011 0.000000000e+000 0.000000000e+000 0.000000000e+000 -2.500000000e+000 -2.500000000e+000 -3.827846333e-012 0.000000000e+000 0.000000000e+000 3.803960986e-012 
d 0.000000000e+000 0.000000000e+000 0.000000000e+000 0.000000000e+000 0.000000000e+000 0.000000000e+000 0.000000000e+000 -9.999000000e+011 0.000000000e+000 0.000000000e+000 0.000000000e+000 -2.600000000e+000 -2.600000000e+000 -3.833127827e-012 0.000000000e+000 0.000000000e+000 3.810170580e-012 
d 0.000000000e+000 0.000000000e+000 0.000000000e+000 0.000000000e+000 0.000000000e+000 0.000000000e+000 0.000000000e+000 -9.999000000e+011 0.000000000e+000 0.000000000e+000 0.000000000e+000 -2.700000000e+000 -2.700000000e+000 -3.838830717e-012 0.000000000e+000 0.000000000e+000 3.810286546e-012 
d 0.000000000e+000 0.000000000e+000 0.000000000e+000 0.000000000e+000 0.000000000e+000 0.000000000e+000 0.000000000e+000 -9.999000000e+011 0.000000000e+000 0.000000000e+000 0.000000000e+000 -2.800000000e+000 -2.800000000e+000 -3.839926346e-012 0.000000000e+000 0.000000000e+000 3.810382883e-012 
d 0.000000000e+000 0.000000000e+000 0.000000000e+000 0.000000000e+000 0.000000000e+000 0.000000000e+000 0.000000000e+000 -9.999000000e+011 0.000000000e+000 0.000000000e+000 0.000000000e+000 -2.900000000e+000 -2.900000000e+000 -3.828857683e-012 0.000000000e+000 0.000000000e+000 3.810462402e-012 
d 0.000000000e+000 0.000000000e+000 0.000000000e+000 0.000000000e+000 0.000000000e+000 0.000000000e+000 0.000000000e+000 -9.999000000e+011 0.000000000e+000 0.000000000e+000 0.000000000e+000 -3.000000000e+000 -3.000000000e+000 -3.836218063e-012 0.000000000e+000 0.000000000e+000 3.822664636e-012 
d 0.000000000e+000 0.000000000e+000 0.000000000e+000 0.000000000e+000 0.000000000e+000 0.000000000e+000 0.000000000e+000 -9.999000000e+011 0.000000000e+000 0.000000000e+000 0.000000000e+000 -3.100000000e+000 -3.100000000e+000 -3.845657329e-012 0.000000000e+000 0.000000000e+000 3.819461054e-012 
d 0.000000000e+000 0.000000000e+000 0.000000000e+000 0.000000000e+000 0.000000000e+000 0.000000000e+000 0.000000000e+000 -9.999000000e+011 0.000000000e+000 0.000000000e+000 0.000000000e+000 -3.200000000e+000 -3.200000000e+000 -3.837931739e-012 0.000000000e+000 0.000000000e+000 3.819507720e-012 
d 0.000000000e+000 0.000000000e+000 0.000000000e+000 0.000000000e+000 0.000000000e+000 0.000000000e+000 0.000000000e+000 -9.999000000e+011 0.000000000e+000 0.000000000e+000 0.000000000e+000 -3.300000000e+000 -3.300000000e+000 -3.837257506e-012 0.000000000e+000 0.000000000e+000 3.819546485e-012 
d 0.000000000e+000 0.000000000e+000 0.000000000e+000 0.000000000e+000 0.000000000e+000 0.000000000e+000 0.000000000e+000 -9.999000000e+011 0.000000000e+000 0.000000000e+000 0.000000000e+000 -3.400000000e+000 -3.400000000e+000 -3.840628672e-012 0.000000000e+000 0.000000000e+000 3.819579119e-012 
d 0.000000000e+000 0.000000000e+000 0.000000000e+000 0.000000000e+000 0.000000000e+000 0.000000000e+000 0.000000000e+000 -9.999000000e+011 0.000000000e+000 0.000000000e+000 0.000000000e+000 -3.500000000e+000 -3.500000000e+000 -3.842735651e-012 0.000000000e+000 0.000000000e+000 3.819606732e-012 
d 0.000000000e+000 0.000000000e+000 0.000000000e+000 0.000000000e+000 0.000000000e+000 0.000000000e+000 0.000000000e+000 -9.999000000e+011 0.000000000e+000 0.000000000e+000 0.000000000e+000 -3.600000000e+000 -3.600000000e+000 -3.839954439e-012 0.000000000e+000 0.000000000e+000 3.819629831e-012 
d 0.000000000e+000 0.000000000e+000 0.000000000e+000 0.000000000e+000 0.000000000e+000 0.000000000e+000 0.000000000e+000 -9.999000000e+011 0.000000000e+000 0.000000000e+000 0.000000000e+000 -3.700000000e+000 -3.700000000e+000 -3.846500120e-012 0.000000000e+000 0.000000000e+000 3.819649214e-012 
d 0.000000000e+000 0.000000000e+000 0.000000000e+000 0.000000000e+000 0.000000000e+000 0.000000000e+000 0.000000000e+000 -9.999000000e+011 0.000000000e+000 0.000000000e+000 0.000000000e+000 -3.800000000e+000 -3.800000000e+000 -3.841864767e-012 0.000000000e+000 0.000000000e+000 3.819666278e-012 
d 0.000000000e+000 0.000000000e+000 0.000000000e+000 0.000000000e+000 0.000000000e+000 0.000000000e+000 0.000000000e+000 -9.999000000e+011 0.000000000e+000 0.000000000e+000 0.000000000e+000 -3.900000000e+000 -3.900000000e+000 -3.840066811e-012 0.000000000e+000 0.000000000e+000 3.819680956e-012 
d 0.000000000e+000 0.000000000e+000 0.000000000e+000 0.000000000e+000 0.000000000e+000 0.000000000e+000 0.000000000e+000 -9.999000000e+011 0.000000000e+000 0.000000000e+000 0.000000000e+000 -4.000000000e+000 -4.000000000e+000 -3.840347742e-012 0.000000000e+000 0.000000000e+000 3.816546715e-012 
d 0.000000000e+000 0.000000000e+000 0.000000000e+000 0.000000000e+000 0.000000000e+000 0.000000000e+000 0.000000000e+000 -9.999000000e+011 0.000000000e+000 0.000000000e+000 0.000000000e+000 -4.100000000e+000 -4.100000000e+000 -3.833240199e-012 0.000000000e+000 0.000000000e+000 3.816556948e-012 
d 0.000000000e+000 0.000000000e+000 0.000000000e+000 0.000000000e+000 0.000000000e+000 0.000000000e+000 0.000000000e+000 -9.999000000e+011 0.000000000e+000 0.000000000e+000 0.000000000e+000 -4.200000000e+000 -4.200000000e+000 -3.843718908e-012 0.000000000e+000 0.000000000e+000 3.816566495e-012 
d 0.000000000e+000 0.000000000e+000 0.000000000e+000 0.000000000e+000 0.000000000e+000 0.000000000e+000 0.000000000e+000 -9.999000000e+011 0.000000000e+000 0.000000000e+000 0.000000000e+000 -4.300000000e+000 -4.300000000e+000 -3.839083554e-012 0.000000000e+000 0.000000000e+000 3.816574067e-012 
d 0.000000000e+000 0.000000000e+000 0.000000000e+000 0.000000000e+000 0.000000000e+000 0.000000000e+000 0.000000000e+000 -9.999000000e+011 0.000000000e+000 0.000000000e+000 0.000000000e+000 -4.400000000e+000 -4.400000000e+000 -3.837229413e-012 0.000000000e+000 0.000000000e+000 3.816580652e-012 
d 0.000000000e+000 0.000000000e+000 0.000000000e+000 0.000000000e+000 0.000000000e+000 0.000000000e+000 0.000000000e+000 -9.999000000e+011 0.000000000e+000 0.000000000e+000 0.000000000e+000 -4.500000000e+000 -4.500000000e+000 -3.846921516e-012 0.000000000e+000 0.000000000e+000 3.816586509e-012 
d 0.000000000e+000 0.000000000e+000 0.000000000e+000 0.000000000e+000 0.000000000e+000 0.000000000e+000 0.000000000e+000 -9.999000000e+011 0.000000000e+000 0.000000000e+000 0.000000000e+000 -4.600000000e+000 -4.600000000e+000 -3.833914433e-012 0.000000000e+000 0.000000000e+000 3.816591845e-012 
d 0.000000000e+000 0.000000000e+000 0.000000000e+000 0.000000000e+000 0.000000000e+000 0.000000000e+000 0.000000000e+000 -9.999000000e+011 0.000000000e+000 0.000000000e+000 0.000000000e+000 -4.700000000e+000 -4.700000000e+000 -3.846528213e-012 0.000000000e+000 0.000000000e+000 3.816596824e-012 
d 0.000000000e+000 0.000000000e+000 0.000000000e+000 0.000000000e+000 0.000000000e+000 0.000000000e+000 0.000000000e+000 -9.999000000e+011 0.000000000e+000 0.000000000e+000 0.000000000e+000 -4.800000000e+000 -4.800000000e+000 -3.843999839e-012 0.000000000e+000 0.000000000e+000 3.816600665e-012 
d 0.000000000e+000 0.000000000e+000 0.000000000e+000 0.000000000e+000 0.000000000e+000 0.000000000e+000 0.000000000e+000 -9.999000000e+011 0.000000000e+000 0.000000000e+000 0.000000000e+000 -4.900000000e+000 -4.900000000e+000 -3.837145134e-012 0.000000000e+000 0.000000000e+000 3.816604273e-012 
d 0.000000000e+000 0.000000000e+000 0.000000000e+000 0.000000000e+000 0.000000000e+000 0.000000000e+000 0.000000000e+000 -9.999000000e+011 0.000000000e+000 0.000000000e+000 0.000000000e+000 -5.000000000e+000 -5.000000000e+000 -3.841640022e-012 0.000000000e+000 0.000000000e+000 3.816607442e-012 
d 0.000000000e+000 0.000000000e+000 0.000000000e+000 0.000000000e+000 0.000000000e+000 0.000000000e+000 0.000000000e+000 -9.999000000e+011 0.000000000e+000 0.000000000e+000 0.000000000e+000 -5.100000000e+000 -5.100000000e+000 -3.835178620e-012 0.000000000e+000 0.000000000e+000 3.816610089e-012 
d 0.000000000e+000 0.000000000e+000 0.000000000e+000 0.000000000e+000 0.000000000e+000 0.000000000e+000 0.000000000e+000 -9.999000000e+011 0.000000000e+000 0.000000000e+000 0.000000000e+000 -5.200000000e+000 -5.200000000e+000 -3.839813974e-012 0.000000000e+000 0.000000000e+000 3.816612736e-012 
d 0.000000000e+000 0.000000000e+000 0.000000000e+000 0.000000000e+000 0.000000000e+000 0.000000000e+000 0.000000000e+000 -9.999000000e+011 0.000000000e+000 0.000000000e+000 0.000000000e+000 -5.300000000e+000 -5.300000000e+000 -3.829054335e-012 0.000000000e+000 0.000000000e+000 3.816614904e-012 
d 0.000000000e+000 0.000000000e+000 0.000000000e+000 0.000000000e+000 0.000000000e+000 0.000000000e+000 0.000000000e+000 -9.999000000e+011 0.000000000e+000 0.000000000e+000 0.000000000e+000 -5.400000000e+000 -5.400000000e+000 -3.841640022e-012 0.000000000e+000 0.000000000e+000 3.816617195e-012 
d 0.000000000e+000 0.000000000e+000 0.000000000e+000 0.000000000e+000 0.000000000e+000 0.000000000e+000 0.000000000e+000 -9.999000000e+011 0.000000000e+000 0.000000000e+000 0.000000000e+000 -5.500000000e+000 -5.500000000e+000 -3.838914996e-012 0.000000000e+000 0.000000000e+000 3.816619293e-012 
d 0.000000000e+000 0.000000000e+000 0.000000000e+000 0.000000000e+000 0.000000000e+000 0.000000000e+000 0.000000000e+000 -9.999000000e+011 0.000000000e+000 0.000000000e+000 0.000000000e+000 -5.600000000e+000 -5.600000000e+000 -3.834026805e-012 0.000000000e+000 0.000000000e+000 3.816621474e-012 
d 0.000000000e+000 0.000000000e+000 0.000000000e+000 0.000000000e+000 0.000000000e+000 0.000000000e+000 0.000000000e+000 -9.999000000e+011 0.000000000e+000 0.000000000e+000 0.000000000e+000 -5.700000000e+000 -5.700000000e+000 -3.837987925e-012 0.000000000e+000 0.000000000e+000 3.816623134e-012 
d 0.000000000e+000 0.000000000e+000 0.000000000e+000 0.000000000e+000 0.000000000e+000 0.000000000e+000 0.000000000e+000 -9.999000000e+011 0.000000000e+000 0.000000000e+000 0.000000000e+000 -5.800000000e+000 -5.800000000e+000 -3.878076711e-012 0.000000000e+000 0.000000000e+000 3.816625260e-012 
d 0.000000000e+000 0.000000000e+000 0.000000000e+000 0.000000000e+000 0.000000000e+000 0.000000000e+000 0.000000000e+000 -9.999000000e+011 0.000000000e+000 0.000000000e+000 0.000000000e+000 -5.900000000e+000 -5.900000000e+000 -3.864648232e-012 0.000000000e+000 0.000000000e+000 3.816626975e-012 
d 0.000000000e+000 0.000000000e+000 0.000000000e+000 0.000000000e+000 0.000000000e+000 0.000000000e+000 0.000000000e+000 -9.999000000e+011 0.000000000e+000 0.000000000e+000 0.000000000e+000 -6.000000000e+000 -6.000000000e+000 -3.875632616e-012 0.000000000e+000 0.000000000e+000 3.816628950e-012 
d 0.000000000e+000 0.000000000e+000 0.000000000e+000 0.000000000e+000 0.000000000e+000 0.000000000e+000 0.000000000e+000 -9.999000000e+011 0.000000000e+000 0.000000000e+000 0.000000000e+000 -6.100000000e+000 -6.100000000e+000 -3.889707235e-012 0.000000000e+000 0.000000000e+000 3.816630706e-012 
d 0.000000000e+000 0.000000000e+000 0.000000000e+000 0.000000000e+000 0.000000000e+000 0.000000000e+000 0.000000000e+000 -9.999000000e+011 0.000000000e+000 0.000000000e+000 0.000000000e+000 -6.200000000e+000 -6.200000000e+000 -3.881953553e-012 0.000000000e+000 0.000000000e+000 3.816632434e-012 
d 0.000000000e+000 0.000000000e+000 0.000000000e+000 0.000000000e+000 0.000000000e+000 0.000000000e+000 0.000000000e+000 -9.999000000e+011 0.000000000e+000 0.000000000e+000 0.000000000e+000 -6.300000000e+000 -6.300000000e+000 -3.859366738e-012 0.000000000e+000 0.000000000e+000 3.816634698e-012 
d 0.000000000e+000 0.000000000e+000 0.000000000e+000 0.000000000e+000 0.000000000e+000 0.000000000e+000 0.000000000e+000 -9.999000000e+011 0.000000000e+000 0.000000000e+000 0.000000000e+000 -6.400000000e+000 -6.400000000e+000 -3.874593173e-012 0.000000000e+000 0.000000000e+000 3.816636934e-012 
d 0.000000000e+000 0.000000000e+000 0.000000000e+000 0.000000000e+000 0.000000000e+000 0.000000000e+000 0.000000000e+000 -9.999000000e+011 0.000000000e+000 0.000000000e+000 0.000000000e+000 -6.500000000e+000 -6.500000000e+000 -3.883049182e-012 0.000000000e+000 0.000000000e+000 3.816638717e-012 
d 0.000000000e+000 0.000000000e+000 0.000000000e+000 0.000000000e+000 0.000000000e+000 0.000000000e+000 0.000000000e+000 -9.999000000e+011 0.000000000e+000 0.000000000e+000 0.000000000e+000 -6.600000000e+000 -6.600000000e+000 -3.876784431e-012 0.000000000e+000 0.000000000e+000 3.816641159e-012 
d 0.000000000e+000 0.000000000e+000 0.000000000e+000 0.000000000e+000 0.000000000e+000 0.000000000e+000 0.000000000e+000 -9.999000000e+011 0.000000000e+000 0.000000000e+000 0.000000000e+000 -6.700000000e+000 -6.700000000e+000 -3.886926023e-012 0.000000000e+000 0.000000000e+000 3.816643463e-012 
d 0.000000000e+000 0.000000000e+000 0.000000000e+000 0.000000000e+000 0.000000000e+000 0.000000000e+000 0.000000000e+000 -9.999000000e+011 0.000000000e+000 0.000000000e+000 0.000000000e+000 -6.800000000e+000 -6.800000000e+000 -3.883189647e-012 0.000000000e+000 0.000000000e+000 3.816645960e-012 
d 0.000000000e+000 0.000000000e+000 0.000000000e+000 0.000000000e+000 0.000000000e+000 0.000000000e+000 0.000000000e+000 -9.999000000e+011 0.000000000e+000 0.000000000e+000 0.000000000e+000 -6.900000000e+000 -6.900000000e+000 -3.875604523e-012 0.000000000e+000 0.000000000e+000 3.816649128e-012 
d 0.000000000e+000 0.000000000e+000 0.000000000e+000 0.000000000e+000 0.000000000e+000 0.000000000e+000 0.000000000e+000 -9.999000000e+011 0.000000000e+000 0.000000000e+000 0.000000000e+000 -7.000000000e+000 -7.000000000e+000 -3.858186830e-012 0.000000000e+000 0.000000000e+000 3.816652530e-012 
