v ATLAS
# This file was created by ATLAS version 5.18.3.R on Sat May 09 19:15:24 2020.
#SSF 2.0 generic
##############################################################################
#                    Copyright © 1984 - 2012                                 #
#                    Silvaco Inc. All rights reserved                        #
#                                                                            #
# This file format and the following Key are copyright Silvaco Inc.          #
# You may not use, this format or key without reproducing this message in    #
# full and obtaining express written permission from Silvaco Inc.            #
#                                                                            #
# To obtain such permission please contact: Silvaco Inc.                     #
#                                           support@silvaco.com              #
#                                                                            #
# KEY=SVC86hn7562asdx                       PROD=345                         #
##############################################################################
o 1 Mag (1)
o 2 Phase (1)
o 3 Mag (2)
o 4 Phase (2)
o 5 Mag (3)
o 6 Phase (3)
o 7 Mag (4)
o 8 Phase (4)
o 9 Mag (Available photo current)
o 10 Phase (Available photo current)
o 11 Mag (Source photo current)
o 12 Phase (Source photo current)
o 13 Mag (5)
o 14 Phase (5)
o 15 Mag (6)
o 16 Phase (6)
o 17 Mag (7)
o 18 Phase (7)
o 19 Mag (8)
o 20 Phase (8)
o 21 Mag (9)
o 22 Phase (9)
o 23 Mag ("gate" Voltage)
o 24 Phase ("gate" Voltage)
o 25 Mag ("gate" int. voltage)
o 26 Phase ("gate" int. voltage)
o 27 Mag ("gate" current)
o 28 Phase ("gate" current)
o 29 Mag ("cathode" Voltage)
o 30 Phase ("cathode" Voltage)
o 31 Mag ("cathode" int. voltage)
o 32 Phase ("cathode" int. voltage)
o 33 Mag ("cathode" current)
o 34 Phase ("cathode" current)
p 35 40 3000 3001 3002 3003 3004 3005 3006 3007 3008 3009 3010 3011 3012 3013 3014 3015 3016 3017 3018 3019 3020 3021 3022 3023 3024 3025 3026 3027 3028 3029 3030 3031 3032 3033
d 0.0000e+000 20.0892857 0 0.311383929 0 1.00458411e-005 0 3.59906556e-006 0 3.59906556e-006 0 1.00458411e-005 0 0.311383929 0 180 180 0 0 0.72863813 0 1.27136187 0 14 0 14 0 0.000164397513 0 0 0 0 0 0.000164397391 180
d 5.0000e+010 19.7536701 105.371301 0.306181887 105.371301 9.87801327e-006 105.371301 3.53893886e-006 -90 3.53893886e-006 -90 9.87801327e-006 105.371301 0.306181887 105.371301 0 0 0 0 0 0 0 0 0 0 0 0 8.18103465e-009 0 0 0 0 0 8.28792797e-009 0
d 1.0000e+011 18.7673136 -149.280218 0.29089336 -149.280218 9.38477616e-006 -149.280218 3.36222964e-006 -149.280218 3.36222964e-006 -149.280218 9.38477616e-006 -149.280218 0.29089336 -149.280218 0 0 0 0 0 0 0 0 0 0 0 0 4.88389597e-009 0 0 0 0 0 5.00239226e-009 0
d 1.5000e+011 17.1901869 -43.9808227 0.266447897 -43.9808227 8.59611877e-006 -43.9808227 3.07968191e-006 -43.9808227 3.07968191e-006 -43.9808227 8.59611877e-006 -43.9808227 0.266447897 -43.9808227 0 0 0 0 0 0 0 0 0 0 0 0 2.89307813e-009 0 0 0 0 0 3.01681217e-009 0
d 2.0000e+011 15.1173643 61.234731 0.234319146 61.234731 7.55958381e-006 61.234731 2.7083285e-006 61.234731 2.7083285e-006 61.234731 7.55958381e-006 61.234731 0.234319146 61.234731 0 0 0 0 0 0 0 0 0 0 0 0 1.96717545e-009 0 0 0 0 0 2.08559922e-009 0
d 2.5000e+011 12.6721268 166.313373 0.196417966 166.313373 6.33681925e-006 166.313373 2.27025569e-006 180 2.27025569e-006 180 6.33681925e-006 166.313373 0.196417966 166.313373 0 0 0 0 0 0 0 0 0 0 0 0 1.4660755e-009 0 0 0 0 0 1.55752994e-009 0
d 3.0000e+011 9.99712771 -88.839747 0.15495548 -88.839747 4.99916014e-006 90 1.79102028e-006 90 1.79102028e-006 90 4.99916014e-006 90 0.15495548 -88.839747 0 0 0 0 0 0 0 0 0 0 0 0 9.22929674e-010 0 0 0 0 0 9.60721874e-010 0
d 3.5000e+011 7.24443031 15.569278 0.11228867 15.569278 3.62264725e-006 0 1.29786494e-006 0 1.29786494e-006 0 3.62264725e-006 0 0.11228867 15.569278 0 0 0 0 0 0 0 0 0 0 0 0 5.53225907e-010 0 0 0 0 0 5.53599252e-010 0
d 4.0000e+011 4.56576579 118.945227 0.0707693698 118.945227 2.28315522e-006 118.945227 8.17972856e-007 0 8.17972856e-007 0 2.28315522e-006 118.945227 0.0707693698 118.945227 0 0 0 0 0 0 0 0 0 0 0 0 4.42878647e-010 0 0 0 0 0 3.94218077e-010 0
d 4.5000e+011 2.10879025 -141.651719 0.032686249 -141.651719 1.05452091e-006 0 3.77797125e-007 0 3.77797125e-007 0 1.05452091e-006 0 0.032686249 -141.651719 0 0 0 0 0 0 0 0 0 0 0 0 2.9802961e-010 0 0 0 0 0 1.79678218e-010 0
d 5.0000e+011 0.388949629 -127.653704 0.00602871925 -127.653704 1.94498013e-007 0 6.96816818e-008 0 6.96816818e-008 0 1.94498013e-007 0 0.00602871925 -127.653704 0 0 0 0 0 0 0 0 0 0 0 0 9.69036217e-011 0 0 0 0 0 4.37586036e-011 0
d 5.5000e+011 1.85216211 -89.7975825 0.0287085128 -89.7975825 9.26191529e-007 0 3.31821299e-007 0 3.31821299e-007 0 9.26191529e-007 0 0.0287085128 -89.7975825 0 0 0 0 0 0 0 0 0 0 0 0 6.83477536e-011 0 0 0 0 0 8.61219867e-011 0
d 6.0000e+011 3.10328358 9.77883692 0.0481008955 9.77883692 1.55182689e-006 0 5.5596407e-007 0 5.5596407e-007 0 1.55182689e-006 0 0.0481008955 9.77883692 0 0 0 0 0 0 0 0 0 0 0 0 3.1671528e-011 0 0 0 0 0 1.07007768e-010 0
d 6.5000e+011 3.87752028 112.387856 0.0601015643 112.387856 1.93899141e-006 -90 6.94671273e-007 0 6.94671273e-007 0 1.93899141e-006 -90 0.0601015643 112.387856 0 0 0 0 0 0 0 0 0 0 0 0 1.28245489e-010 0 0 0 0 0 1.99276917e-010 0
d 7.0000e+011 4.18256618 -144.542802 0.0648297759 -144.542802 2.09153256e-006 -144.542802 7.49321311e-007 0 7.49321311e-007 0 2.09153256e-006 -144.542802 0.0648297759 -144.542802 0 0 0 0 0 0 0 0 0 0 0 0 2.13855265e-010 0 0 0 0 0 1.87545852e-010 0
d 7.5000e+011 4.06484929 -41.7342128 0.063005164 -41.7342128 2.03266709e-006 -41.7342128 7.28231919e-007 0 7.28231919e-007 0 2.03266709e-006 -41.7342128 0.063005164 -41.7342128 0 0 0 0 0 0 0 0 0 0 0 0 1.89693651e-010 0 0 0 0 0 1.19222429e-010 0
d 8.0000e+011 3.59922221 60.2551187 0.0557879442 60.2551187 1.79982578e-006 -90 6.44813204e-007 0 6.44813204e-007 0 1.79982578e-006 -90 0.0557879442 60.2551187 0 0 0 0 0 0 0 0 0 0 0 0 2.19635064e-010 0 0 0 0 0 1.40423722e-010 0
d 8.5000e+011 2.88269071 160.519956 0.0446817061 160.519956 1.44151729e-006 180 5.16444089e-007 0 5.16444089e-007 0 1.44151729e-006 180 0.0446817061 160.519956 0 0 0 0 0 0 0 0 0 0 0 0 2.53896515e-010 0 0 0 0 0 1.26215877e-010 0
d 9.0000e+011 2.03273562 -103.172293 0.0315074021 -103.172293 1.01648905e-006 0 3.64171671e-007 0 3.64171671e-007 0 1.01648905e-006 0 0.0315074021 -103.172293 0 0 0 0 0 0 0 0 0 0 0 0 1.80731741e-010 0 0 0 0 0 4.4813863e-011 0
d 9.5000e+011 1.21350101 -18.3676707 0.0188092656 -18.3676707 6.06822884e-007 0 2.17402936e-007 0 2.17402936e-007 0 6.06822884e-007 0 0.0188092656 -18.3676707 0 0 0 0 0 0 0 0 0 0 0 0 1.64091446e-010 0 0 0 0 0 3.3800646e-011 0
d 1.0000e+012 0.811830588 34.8260166 0.0125833741 34.8260166 4.05963716e-007 0 1.4544228e-007 0 1.4544228e-007 0 4.05963716e-007 0 0.0125833741 34.8260166 0 0 0 0 0 0 0 0 0 0 0 0 1.67504794e-010 0 0 0 0 0 3.18388121e-011 0
d 1.0500e+012 1.16249761 93.0346284 0.018018713 93.0346284 5.81318143e-007 0 2.08265499e-007 0 2.08265499e-007 0 5.81318143e-007 0 0.018018713 93.0346284 0 0 0 0 0 0 0 0 0 0 0 0 1.0493169e-010 0 0 0 0 0 3.66899898e-011 0
d 1.1000e+012 1.6760264 179.253142 0.0259784092 179.253142 8.38113165e-007 0 3.00265971e-007 0 3.00265971e-007 0 8.38113165e-007 0 0.0259784092 179.253142 0 0 0 0 0 0 0 0 0 0 0 0 1.61683444e-010 0 0 0 0 0 6.04740354e-011 0
d 1.1500e+012 2.05791436 -86.0198667 0.0318976726 -86.0198667 1.02907992e-006 90 3.68682531e-007 0 3.68682531e-007 0 1.02907992e-006 90 0.0318976726 -86.0198667 0 0 0 0 0 0 0 0 0 0 0 0 1.67275753e-010 0 0 0 0 0 2.98927333e-011 0
d 1.2000e+012 2.25001861 10.8617817 0.0348752885 10.8617817 1.12514351e-006 0 4.03098677e-007 0 4.03098677e-007 0 1.12514351e-006 0 0.0348752885 10.8617817 0 0 0 0 0 0 0 0 0 0 0 0 1.553747e-010 0 0 0 0 0 4.39767523e-011 0
d 1.2500e+012 2.25750372 107.639354 0.0349913077 107.639354 1.12888651e-006 -90 4.04439661e-007 0 4.04439661e-007 0 1.12888651e-006 -90 0.0349913077 107.639354 0 0 0 0 0 0 0 0 0 0 0 0 2.07454289e-010 0 0 0 0 0 6.92813862e-011 0
d 1.3000e+012 2.11800644 -157.032693 0.0328290998 -157.032693 1.05912955e-006 0 3.79448236e-007 0 3.79448236e-007 0 1.05912955e-006 0 0.0328290998 -157.032693 0 0 0 0 0 0 0 0 0 0 0 0 1.75355393e-010 0 0 0 0 0 3.6456461e-011 0
d 1.3500e+012 1.89147914 -64.3490299 0.0293179267 -64.3490299 9.45852389e-007 0 3.38865081e-007 0 3.38865081e-007 0 9.45852389e-007 0 0.0293179267 -64.3490299 0 0 0 0 0 0 0 0 0 0 0 0 1.59685164e-010 0 0 0 0 0 2.19264137e-011 0
d 1.4000e+012 1.65094055 24.6439506 0.0255895786 24.6439506 8.25568747e-007 0 2.95771755e-007 0 2.95771755e-007 0 8.25568747e-007 0 0.0255895786 24.6439506 0 0 0 0 0 0 0 0 0 0 0 0 1.87054456e-010 0 0 0 0 0 4.30889027e-011 0
d 1.4500e+012 1.46520233 109.783282 0.0227106362 109.783282 7.32688559e-007 0 2.62496105e-007 0 2.62496105e-007 0 7.32688559e-007 0 0.0227106362 109.783282 0 0 0 0 0 0 0 0 0 0 0 0 1.39386752e-010 0 0 0 0 0 1.78727797e-011 0
d 1.5000e+012 1.36846514 -167.284041 0.0212112097 -167.284041 6.84314192e-007 0 2.451653e-007 0 2.451653e-007 0 6.84314192e-007 0 0.0212112097 -167.284041 0 0 0 0 0 0 0 0 0 0 0 0 1.62131778e-010 0 0 0 0 0 2.9835619e-011 0
d 1.5500e+012 1.34126786 -84.1397057 0.0207896518 -84.1397057 6.7071393e-007 0 2.40292812e-007 0 2.40292812e-007 0 6.7071393e-007 0 0.0207896518 -84.1397057 0 0 0 0 0 0 0 0 0 0 0 0 1.7760409e-010 0 0 0 0 0 3.49786639e-011 0
