v ATLAS
# This file was created by ATLAS version 5.18.3.R on Sat May 09 19:32:51 2020.
#SSF 2.0 generic
##############################################################################
#                    Copyright © 1984 - 2012                                 #
#                    Silvaco Inc. All rights reserved                        #
#                                                                            #
# This file format and the following Key are copyright Silvaco Inc.          #
# You may not use, this format or key without reproducing this message in    #
# full and obtaining express written permission from Silvaco Inc.            #
#                                                                            #
# To obtain such permission please contact: Silvaco Inc.                     #
#                                           support@silvaco.com              #
#                                                                            #
# KEY=SVC86hn7562asdx                       PROD=345                         #
##############################################################################
y 3 700 711 15
z 40 0.0125 300
f 2 "gate" "cathode" 
Q 4000 13 "Wavelength Beam 1 "
Q 4010 13 "Source Photocurrent Beam 1 "
Q 4020 13 "Available Photocurrent Beam 1"
p 18 61 91 4000 4010 4020 85 86 87 308 354 355 356 2 601 20 3 602 21 
d 2.000000000e-013 0.000000000e+000 0.000000000e+000 0.000000000e+000 0.000000000e+000 0.000000000e+000 0.000000000e+000 0.000000000e+000 -9.000000000e+001 0.000000000e+000 3.643190650e-001 6.356809350e-001 -7.000000000e+000 -7.000000000e+000 -3.894401626e-012 0.000000000e+000 0.000000000e+000 3.678051049e-012 
d 4.000000000e-013 0.000000000e+000 0.000000000e+000 0.000000000e+000 0.000000000e+000 0.000000000e+000 0.000000000e+000 0.000000000e+000 -9.000000000e+001 0.000000000e+000 3.643190650e-001 6.356809350e-001 -7.000000000e+000 -7.000000000e+000 -3.884276764e-012 0.000000000e+000 0.000000000e+000 3.664921243e-012 
d 6.000000000e-013 0.000000000e+000 0.000000000e+000 0.000000000e+000 0.000000000e+000 0.000000000e+000 0.000000000e+000 0.000000000e+000 -9.000000000e+001 0.000000000e+000 3.643190650e-001 6.356809350e-001 -7.000000000e+000 -7.000000000e+000 -3.882507422e-012 0.000000000e+000 0.000000000e+000 3.652398474e-012 
d 8.000000000e-013 0.000000000e+000 0.000000000e+000 0.000000000e+000 0.000000000e+000 0.000000000e+000 0.000000000e+000 0.000000000e+000 -9.000000000e+001 0.000000000e+000 3.643190650e-001 6.356809350e-001 -7.000000000e+000 -7.000000000e+000 -3.895111087e-012 0.000000000e+000 0.000000000e+000 3.652060555e-012 
d 1.000000000e-012 0.000000000e+000 0.000000000e+000 0.000000000e+000 0.000000000e+000 0.000000000e+000 0.000000000e+000 0.000000000e+000 -9.000000000e+001 0.000000000e+000 3.643190650e-001 6.356809350e-001 -7.000000000e+000 -7.000000000e+000 -3.882762052e-012 0.000000000e+000 0.000000000e+000 3.645890414e-012 
d 1.200000000e-012 0.000000000e+000 0.000000000e+000 0.000000000e+000 0.000000000e+000 0.000000000e+000 0.000000000e+000 0.000000000e+000 -9.000000000e+001 0.000000000e+000 3.643190650e-001 6.356809350e-001 -7.000000000e+000 -7.000000000e+000 -3.882695017e-012 0.000000000e+000 0.000000000e+000 3.645786375e-012 
d 1.400000000e-012 0.000000000e+000 0.000000000e+000 0.000000000e+000 0.000000000e+000 0.000000000e+000 0.000000000e+000 0.000000000e+000 -9.000000000e+001 0.000000000e+000 3.643190650e-001 6.356809350e-001 -7.000000000e+000 -7.000000000e+000 -3.883527907e-012 0.000000000e+000 0.000000000e+000 3.639885135e-012 
d 1.600000000e-012 0.000000000e+000 0.000000000e+000 0.000000000e+000 0.000000000e+000 0.000000000e+000 0.000000000e+000 0.000000000e+000 -9.000000000e+001 0.000000000e+000 3.643190650e-001 6.356809350e-001 -7.000000000e+000 -7.000000000e+000 -3.895140136e-012 0.000000000e+000 0.000000000e+000 3.639773127e-012 
